<?xml version="1.0" encoding="utf-8"?>
<ExportableStream>
  <Stream>
    <StreamName>TEST-STREAM-RECOVERY</StreamName>
    <StreamDocumentation><![CDATA[Stream f&#252;r Showcase

]]></StreamDocumentation>
    <AgentDetail>gtasswvu15777</AgentDetail>
    <AccountNoId>1234567890123</AccountNoId>
    <CalendarId />
    <StreamType>Normal</StreamType>
    <MaxStreamRuns>10</MaxStreamRuns>
    <ShortDescription><![CDATA[Recovery, Web Service Showcase]]></ShortDescription>
    <SchedulingRequiredFlag>False</SchedulingRequiredFlag>
    <ScheduleRuleObject />
    <RuntimeDataStorageDays IsNull="True" />
    <RuntimeDataStorageDaySource IsNull="True" />
    <StreamRunDeletionSource IsNull="True" />
    <StreamRunDeletionType>None</StreamRunDeletionType>
    <StreamRunDeletionTime IsNull="True" />
    <StreamRunDeletionDays>10</StreamRunDeletionDays>
    <StreamRunDeletionDayType IsNull="True" />
    <DeletionTimeTimeZoneId />
    <DeletionTimeValidFlag IsNull="True" />
    <DeletionTimeValidSource IsNull="True" />
    <StreamRunTimeStatisticsDays IsNull="True" />
    <AvgRunTimeCalcInDays>0</AvgRunTimeCalcInDays>
    <SeverityGroup>TEST-GALERIA</SeverityGroup>
    <MaxStreamRunDuration IsNull="True" />
    <MinStreamRunDuration IsNull="True" />
    <CentralJobLogAreaFlag IsNull="True" />
    <CentralJobLogSource IsNull="True" />
    <CentralJobLogStorageDays IsNull="True" />
    <AgentJobLogStorageDays IsNull="True" />
    <AgentJobLogStorageDaySource IsNull="True" />
    <StreamRunInterval IsNull="True" />
    <MaxJobLogSize IsNull="True" />
    <ReorgType IsNull="True" />
    <ExternalJobScriptRequired IsNull="True" />
    <KeepPreparedRuns IsNull="True" />
    <InteractivePslFlag>False</InteractivePslFlag>
    <ConcurrentPlanDatesEnabled />
    <UncatExclusion IsNull="True" />
    <Jobs>
      <Job>
        <JobName>RecoveryJobNetStartPoint</JobName>
        <JobDocumentation IsNull="True" />
        <JobNotificationRules />
        <LoginObject />
        <ShortDescription><![CDATA[Recovery Jobnet Start Point]]></ShortDescription>
        <StatusFlag>True</StatusFlag>
        <JobCategory>RecoveryJobNetStartPoint</JobCategory>
        <NormalJobFlag>False</NormalJobFlag>
        <JobType>None</JobType>
        <MinJobDuration IsNull="True" />
        <CentralJobLogStorageDays IsNull="True" />
        <ReportToIncidentManagementFlag IsNull="True" />
        <ExternalJobScriptRequired IsNull="True" />
        <MainScript IsNull="True" />
        <DisplayOrder>1</DisplayOrder>
        <JobShortName IsNull="True" />
        <TemplateType>Normal</TemplateType>
        <ControlFilePath IsNull="True" />
        <IsNotificationRequired>False</IsNotificationRequired>
        <CoordinateX>113</CoordinateX>
        <CoordinateY>0</CoordinateY>
        <JobInternalSuccessors>
          <JobInternalSuccessor>
            <JobName>R0010-TEST-STREAM-RECOVERY</JobName>
            <EdgeBreaks IsNull="True" />
            <EdgeEndPosition>2</EdgeEndPosition>
            <EdgeStartPosition>6</EdgeStartPosition>
          </JobInternalSuccessor>
        </JobInternalSuccessors>
        <StreamRunJobProperties>
          <StreamRunJobProperty>
            <RunNumber>0</RunNumber>
            <StartTime IsNull="True" />
            <StartTimeDayType />
            <StartTimeOffsetDays IsNull="True" />
            <StartTimeTimeZone />
            <StartTimeType IsNull="True" />
            <RelativeStartTime IsNull="True" />
            <StartTimeRelativeJob />
            <MaxJobLogSize IsNull="True" />
            <MaxJobDuration IsNull="True" />
            <LatestStartTime IsNull="True" />
            <LatestStartTimeType IsNull="True" />
            <LatestStartTimeRelative IsNull="True" />
            <LatestStartTimeOffsetDays IsNull="True" />
            <LatestStartTimeDayType IsNull="True" />
            <LatestStartTimeConsiderAfterRestart IsNull="True" />
            <LatestStartTimeAction IsNull="True" />
            <JobHoldFlag IsNull="True" />
            <CentralJobLogFlag IsNull="True" />
            <BypassStatus IsNull="True" />
            <AgentDetail />
            <AgentSource IsNull="True" />
            <AccountDetail />
            <AccountSource IsNull="True" />
            <SeverityGroup />
            <AgentJobLogStorageDays IsNull="True" />
            <ExternalDependencies />
            <FileDependency />
            <JobCompletionCodeRules />
            <LogicalResourceDependencies />
            <Documentation IsNull="True" />
          </StreamRunJobProperty>
          <StreamRunJobProperty>
            <RunNumber>1</RunNumber>
            <StartTime IsNull="True" />
            <StartTimeDayType />
            <StartTimeOffsetDays IsNull="True" />
            <StartTimeTimeZone />
            <StartTimeType IsNull="True" />
            <RelativeStartTime IsNull="True" />
            <StartTimeRelativeJob />
            <MaxJobLogSize IsNull="True" />
            <MaxJobDuration IsNull="True" />
            <LatestStartTime IsNull="True" />
            <LatestStartTimeType IsNull="True" />
            <LatestStartTimeRelative IsNull="True" />
            <LatestStartTimeOffsetDays IsNull="True" />
            <LatestStartTimeDayType IsNull="True" />
            <LatestStartTimeConsiderAfterRestart IsNull="True" />
            <LatestStartTimeAction IsNull="True" />
            <JobHoldFlag IsNull="True" />
            <CentralJobLogFlag IsNull="True" />
            <BypassStatus IsNull="True" />
            <AgentDetail />
            <AgentSource IsNull="True" />
            <AccountDetail />
            <AccountSource IsNull="True" />
            <SeverityGroup />
            <AgentJobLogStorageDays IsNull="True" />
            <ExternalDependencies />
            <FileDependency />
            <JobCompletionCodeRules />
            <LogicalResourceDependencies />
            <Documentation IsNull="True" />
          </StreamRunJobProperty>
        </StreamRunJobProperties>
        <JobContactPersons />
        <JobPreparationScript />
        <RecoveryRules />
        <ParserJobDefinitions />
        <JobExtensions />
        <ControlFilePathLoginObject />
        <ExternalProcedureDependencies />
      </Job>
      <Job>
        <JobName>StartPoint</JobName>
        <JobDocumentation IsNull="True" />
        <JobNotificationRules />
        <LoginObject />
        <ShortDescription><![CDATA[Start Point for the Stream]]></ShortDescription>
        <StatusFlag>True</StatusFlag>
        <JobCategory>StartPoint</JobCategory>
        <NormalJobFlag>True</NormalJobFlag>
        <JobType>None</JobType>
        <MinJobDuration IsNull="True" />
        <CentralJobLogStorageDays IsNull="True" />
        <ReportToIncidentManagementFlag IsNull="True" />
        <ExternalJobScriptRequired IsNull="True" />
        <MainScript IsNull="True" />
        <DisplayOrder>1</DisplayOrder>
        <JobShortName IsNull="True" />
        <TemplateType>Normal</TemplateType>
        <ControlFilePath IsNull="True" />
        <IsNotificationRequired>False</IsNotificationRequired>
        <CoordinateX>135</CoordinateX>
        <CoordinateY>0</CoordinateY>
        <JobInternalSuccessors>
          <JobInternalSuccessor>
            <JobName>00100-TEST-STREAM-RECOVERY</JobName>
            <EdgeBreaks IsNull="True" />
            <EdgeEndPosition>2</EdgeEndPosition>
            <EdgeStartPosition>6</EdgeStartPosition>
          </JobInternalSuccessor>
        </JobInternalSuccessors>
        <StreamRunJobProperties>
          <StreamRunJobProperty>
            <RunNumber>0</RunNumber>
            <StartTime>06:00:00</StartTime>
            <StartTimeDayType>CalendarDay</StartTimeDayType>
            <StartTimeOffsetDays>0</StartTimeOffsetDays>
            <StartTimeTimeZone>(UTC+01:00) Amsterdam, Berlin, Bern, Rome, Stockholm, Vienna</StartTimeTimeZone>
            <StartTimeType>AbsoluteStartTime</StartTimeType>
            <RelativeStartTime IsNull="True" />
            <StartTimeRelativeJob />
            <MaxJobLogSize IsNull="True" />
            <MaxJobDuration IsNull="True" />
            <LatestStartTime>09:00:00</LatestStartTime>
            <LatestStartTimeType>AbsoluteStartTime</LatestStartTimeType>
            <LatestStartTimeRelative IsNull="True" />
            <LatestStartTimeOffsetDays>0</LatestStartTimeOffsetDays>
            <LatestStartTimeDayType>CalendarDay</LatestStartTimeDayType>
            <LatestStartTimeConsiderAfterRestart>False</LatestStartTimeConsiderAfterRestart>
            <LatestStartTimeAction>Bypass</LatestStartTimeAction>
            <JobHoldFlag>False</JobHoldFlag>
            <CentralJobLogFlag IsNull="True" />
            <BypassStatus IsNull="True" />
            <AgentDetail />
            <AgentSource IsNull="True" />
            <AccountDetail />
            <AccountSource IsNull="True" />
            <SeverityGroup />
            <AgentJobLogStorageDays IsNull="True" />
            <ExternalDependencies />
            <FileDependency />
            <JobCompletionCodeRules />
            <LogicalResourceDependencies />
            <Documentation IsNull="True" />
          </StreamRunJobProperty>
          <StreamRunJobProperty>
            <RunNumber>1</RunNumber>
            <StartTime>06:00:00</StartTime>
            <StartTimeDayType>CalendarDay</StartTimeDayType>
            <StartTimeOffsetDays>0</StartTimeOffsetDays>
            <StartTimeTimeZone>(UTC+01:00) Amsterdam, Berlin, Bern, Rome, Stockholm, Vienna</StartTimeTimeZone>
            <StartTimeType>AbsoluteStartTime</StartTimeType>
            <RelativeStartTime IsNull="True" />
            <StartTimeRelativeJob />
            <MaxJobLogSize IsNull="True" />
            <MaxJobDuration IsNull="True" />
            <LatestStartTime IsNull="True" />
            <LatestStartTimeType IsNull="True" />
            <LatestStartTimeRelative IsNull="True" />
            <LatestStartTimeOffsetDays IsNull="True" />
            <LatestStartTimeDayType IsNull="True" />
            <LatestStartTimeConsiderAfterRestart IsNull="True" />
            <LatestStartTimeAction IsNull="True" />
            <JobHoldFlag IsNull="True" />
            <CentralJobLogFlag IsNull="True" />
            <BypassStatus IsNull="True" />
            <AgentDetail />
            <AgentSource IsNull="True" />
            <AccountDetail />
            <AccountSource IsNull="True" />
            <SeverityGroup />
            <AgentJobLogStorageDays IsNull="True" />
            <ExternalDependencies />
            <FileDependency />
            <JobCompletionCodeRules />
            <LogicalResourceDependencies />
            <Documentation IsNull="True" />
          </StreamRunJobProperty>
          <StreamRunJobProperty>
            <RunNumber>2</RunNumber>
            <StartTime IsNull="True" />
            <StartTimeDayType />
            <StartTimeOffsetDays IsNull="True" />
            <StartTimeTimeZone />
            <StartTimeType>RelativeToPredecessorEndTime</StartTimeType>
            <RelativeStartTime>1800</RelativeStartTime>
            <StartTimeRelativeJob />
            <MaxJobLogSize IsNull="True" />
            <MaxJobDuration IsNull="True" />
            <LatestStartTime IsNull="True" />
            <LatestStartTimeType IsNull="True" />
            <LatestStartTimeRelative IsNull="True" />
            <LatestStartTimeOffsetDays IsNull="True" />
            <LatestStartTimeDayType IsNull="True" />
            <LatestStartTimeConsiderAfterRestart IsNull="True" />
            <LatestStartTimeAction IsNull="True" />
            <JobHoldFlag IsNull="True" />
            <CentralJobLogFlag IsNull="True" />
            <BypassStatus IsNull="True" />
            <AgentDetail />
            <AgentSource IsNull="True" />
            <AccountDetail />
            <AccountSource IsNull="True" />
            <SeverityGroup />
            <AgentJobLogStorageDays IsNull="True" />
            <ExternalDependencies />
            <FileDependency />
            <JobCompletionCodeRules />
            <LogicalResourceDependencies />
            <Documentation IsNull="True" />
          </StreamRunJobProperty>
        </StreamRunJobProperties>
        <JobContactPersons />
        <JobPreparationScript />
        <RecoveryRules />
        <ParserJobDefinitions />
        <JobExtensions />
        <ControlFilePathLoginObject />
        <ExternalProcedureDependencies />
      </Job>
      <Job>
        <JobName>00100-TEST-STREAM-RECOVERY</JobName>
        <JobDocumentation><![CDATA[]]></JobDocumentation>
        <JobNotificationRules />
        <LoginObject />
        <ShortDescription><![CDATA[Job mit Validation und Recovery]]></ShortDescription>
        <StatusFlag>True</StatusFlag>
        <JobCategory>Job</JobCategory>
        <NormalJobFlag>True</NormalJobFlag>
        <JobType>Windows</JobType>
        <MinJobDuration IsNull="True" />
        <CentralJobLogStorageDays IsNull="True" />
        <ReportToIncidentManagementFlag IsNull="True" />
        <ExternalJobScriptRequired IsNull="True" />
        <MainScript><![CDATA[echo ?{Monat}

exit 5]]></MainScript>
        <DisplayOrder>2</DisplayOrder>
        <JobShortName IsNull="True" />
        <TemplateType>Normal</TemplateType>
        <ControlFilePath IsNull="True" />
        <IsNotificationRequired>False</IsNotificationRequired>
        <CoordinateX>135</CoordinateX>
        <CoordinateY>208</CoordinateY>
        <JobInternalSuccessors>
          <JobInternalSuccessor>
            <JobName>00200-TEST-STREAM-RECOVERY</JobName>
            <EdgeBreaks IsNull="True" />
            <EdgeEndPosition>2</EdgeEndPosition>
            <EdgeStartPosition>6</EdgeStartPosition>
          </JobInternalSuccessor>
          <JobInternalSuccessor>
            <JobName>00300-TEST-STREAM-RECOVERY</JobName>
            <EdgeBreaks IsNull="True" />
            <EdgeEndPosition>2</EdgeEndPosition>
            <EdgeStartPosition>6</EdgeStartPosition>
          </JobInternalSuccessor>
        </JobInternalSuccessors>
        <StreamRunJobProperties>
          <StreamRunJobProperty>
            <RunNumber>0</RunNumber>
            <StartTime IsNull="True" />
            <StartTimeDayType />
            <StartTimeOffsetDays IsNull="True" />
            <StartTimeTimeZone />
            <StartTimeType>None</StartTimeType>
            <RelativeStartTime IsNull="True" />
            <StartTimeRelativeJob />
            <MaxJobLogSize IsNull="True" />
            <MaxJobDuration IsNull="True" />
            <LatestStartTime IsNull="True" />
            <LatestStartTimeType>None</LatestStartTimeType>
            <LatestStartTimeRelative IsNull="True" />
            <LatestStartTimeOffsetDays IsNull="True" />
            <LatestStartTimeDayType IsNull="True" />
            <LatestStartTimeConsiderAfterRestart IsNull="True" />
            <LatestStartTimeAction IsNull="True" />
            <JobHoldFlag IsNull="True" />
            <CentralJobLogFlag IsNull="True" />
            <BypassStatus IsNull="True" />
            <AgentDetail />
            <AgentSource IsNull="True" />
            <AccountDetail />
            <AccountSource IsNull="True" />
            <SeverityGroup>Super Critical</SeverityGroup>
            <AgentJobLogStorageDays IsNull="True" />
            <ExternalDependencies />
            <FileDependency />
            <JobCompletionCodeRules>
              <JobCompletionCodeRule>
                <CodeCompletionRulesType>ValidationDefinition</CodeCompletionRulesType>
                <RunNumber>0</RunNumber>
                <CodeRuleExpression>RC&lt;&gt;0</CodeRuleExpression>
              </JobCompletionCodeRule>
            </JobCompletionCodeRules>
            <LogicalResourceDependencies />
            <Documentation IsNull="True" />
          </StreamRunJobProperty>
          <StreamRunJobProperty>
            <RunNumber>1</RunNumber>
            <StartTime IsNull="True" />
            <StartTimeDayType />
            <StartTimeOffsetDays IsNull="True" />
            <StartTimeTimeZone />
            <StartTimeType>None</StartTimeType>
            <RelativeStartTime IsNull="True" />
            <StartTimeRelativeJob />
            <MaxJobLogSize IsNull="True" />
            <MaxJobDuration IsNull="True" />
            <LatestStartTime IsNull="True" />
            <LatestStartTimeType>None</LatestStartTimeType>
            <LatestStartTimeRelative IsNull="True" />
            <LatestStartTimeOffsetDays IsNull="True" />
            <LatestStartTimeDayType IsNull="True" />
            <LatestStartTimeConsiderAfterRestart IsNull="True" />
            <LatestStartTimeAction IsNull="True" />
            <JobHoldFlag IsNull="True" />
            <CentralJobLogFlag IsNull="True" />
            <BypassStatus IsNull="True" />
            <AgentDetail />
            <AgentSource IsNull="True" />
            <AccountDetail />
            <AccountSource IsNull="True" />
            <SeverityGroup />
            <AgentJobLogStorageDays IsNull="True" />
            <ExternalDependencies />
            <FileDependency />
            <JobCompletionCodeRules />
            <LogicalResourceDependencies />
            <Documentation IsNull="True" />
          </StreamRunJobProperty>
        </StreamRunJobProperties>
        <JobContactPersons>
          <JobContactPerson>
            <FirstName>Max</FirstName>
            <LastName>Musterfrau</LastName>
            <MiddleName />
            <CompanyName>*</CompanyName>
            <Department />
            <Comment IsNull="True" />
            <ContactType>None</ContactType>
            <HierarchyLevelCd>1</HierarchyLevelCd>
          </JobContactPerson>
        </JobContactPersons>
        <JobPreparationScript />
        <RecoveryRules />
        <ParserJobDefinitions />
        <JobExtensions />
        <ControlFilePathLoginObject />
        <ExternalProcedureDependencies />
      </Job>
      <Job>
        <JobName>00200-TEST-STREAM-RECOVERY</JobName>
        <JobDocumentation IsNull="True" />
        <JobNotificationRules />
        <LoginObject />
        <ShortDescription><![CDATA[Job läuft nur mit, wenn RC=5 im Vorgänger]]></ShortDescription>
        <StatusFlag>True</StatusFlag>
        <JobCategory>Job</JobCategory>
        <NormalJobFlag>True</NormalJobFlag>
        <JobType>Windows</JobType>
        <MinJobDuration IsNull="True" />
        <CentralJobLogStorageDays IsNull="True" />
        <ReportToIncidentManagementFlag IsNull="True" />
        <ExternalJobScriptRequired IsNull="True" />
        <MainScript><![CDATA[exit 6]]></MainScript>
        <DisplayOrder>4</DisplayOrder>
        <JobShortName IsNull="True" />
        <TemplateType>Normal</TemplateType>
        <ControlFilePath IsNull="True" />
        <IsNotificationRequired>False</IsNotificationRequired>
        <CoordinateX>0</CoordinateX>
        <CoordinateY>416</CoordinateY>
        <JobInternalSuccessors>
          <JobInternalSuccessor>
            <JobName>00250-TEST-STREAM-RECOVERY</JobName>
            <EdgeBreaks IsNull="True" />
            <EdgeEndPosition>2</EdgeEndPosition>
            <EdgeStartPosition>6</EdgeStartPosition>
          </JobInternalSuccessor>
        </JobInternalSuccessors>
        <StreamRunJobProperties>
          <StreamRunJobProperty>
            <RunNumber>0</RunNumber>
            <StartTime IsNull="True" />
            <StartTimeDayType />
            <StartTimeOffsetDays IsNull="True" />
            <StartTimeTimeZone />
            <StartTimeType>None</StartTimeType>
            <RelativeStartTime IsNull="True" />
            <StartTimeRelativeJob />
            <MaxJobLogSize IsNull="True" />
            <MaxJobDuration IsNull="True" />
            <LatestStartTime IsNull="True" />
            <LatestStartTimeType>None</LatestStartTimeType>
            <LatestStartTimeRelative IsNull="True" />
            <LatestStartTimeOffsetDays IsNull="True" />
            <LatestStartTimeDayType IsNull="True" />
            <LatestStartTimeConsiderAfterRestart IsNull="True" />
            <LatestStartTimeAction IsNull="True" />
            <JobHoldFlag>False</JobHoldFlag>
            <CentralJobLogFlag IsNull="True" />
            <BypassStatus IsNull="True" />
            <AgentDetail />
            <AgentSource IsNull="True" />
            <AccountDetail />
            <AccountSource IsNull="True" />
            <SeverityGroup />
            <AgentJobLogStorageDays IsNull="True" />
            <ExternalDependencies>
              <ExternalDependency>
                <PredecessorJobName>EndPoint</PredecessorJobName>
                <PredecessorStreamName>Test1234</PredecessorStreamName>
                <RunNumber>0</RunNumber>
                <PredecessorRunNumber>1</PredecessorRunNumber>
                <DependencyType>None</DependencyType>
                <OptionalDependencyFlag>True</OptionalDependencyFlag>
                <SubmitOnDelete>False</SubmitOnDelete>
                <PlanDateDayType>None</PlanDateDayType>
                <PlanDateOffsetDays>1</PlanDateOffsetDays>
                <Documentation IsNull="True" />
              </ExternalDependency>
            </ExternalDependencies>
            <FileDependency />
            <JobCompletionCodeRules>
              <JobCompletionCodeRule>
                <CodeCompletionRulesType>DependencyDefinition</CodeCompletionRulesType>
                <RunNumber>0</RunNumber>
                <CodeRuleExpression>00100-TEST-STREAM-RECOVERY.RC=5</CodeRuleExpression>
              </JobCompletionCodeRule>
            </JobCompletionCodeRules>
            <LogicalResourceDependencies>
              <LogicalResource>
                <ResourceName>TEST-GALERIA</ResourceName>
                <AllocationType>ExclusiveBlocking</AllocationType>
                <AutoReleaseFlag IsNull="True" />
                <Priority>90</Priority>
                <RequiredAllocationCounter IsNull="True" />
                <StartPointAllocationFlag>False</StartPointAllocationFlag>
              </LogicalResource>
            </LogicalResourceDependencies>
            <Documentation IsNull="True" />
          </StreamRunJobProperty>
          <StreamRunJobProperty>
            <RunNumber>1</RunNumber>
            <StartTime IsNull="True" />
            <StartTimeDayType />
            <StartTimeOffsetDays IsNull="True" />
            <StartTimeTimeZone />
            <StartTimeType IsNull="True" />
            <RelativeStartTime IsNull="True" />
            <StartTimeRelativeJob />
            <MaxJobLogSize IsNull="True" />
            <MaxJobDuration IsNull="True" />
            <LatestStartTime IsNull="True" />
            <LatestStartTimeType IsNull="True" />
            <LatestStartTimeRelative IsNull="True" />
            <LatestStartTimeOffsetDays IsNull="True" />
            <LatestStartTimeDayType IsNull="True" />
            <LatestStartTimeConsiderAfterRestart IsNull="True" />
            <LatestStartTimeAction IsNull="True" />
            <JobHoldFlag IsNull="True" />
            <CentralJobLogFlag IsNull="True" />
            <BypassStatus IsNull="True" />
            <AgentDetail />
            <AgentSource IsNull="True" />
            <AccountDetail />
            <AccountSource IsNull="True" />
            <SeverityGroup />
            <AgentJobLogStorageDays IsNull="True" />
            <ExternalDependencies />
            <FileDependency />
            <JobCompletionCodeRules />
            <LogicalResourceDependencies />
            <Documentation IsNull="True" />
          </StreamRunJobProperty>
        </StreamRunJobProperties>
        <JobContactPersons />
        <JobPreparationScript />
        <RecoveryRules>
          <RecoveryRule>
            <JobReturnCodeExpr>RC=6</JobReturnCodeExpr>
            <JobName>00200-TEST-STREAM-RECOVERY</JobName>
            <RecoveryType>Automatic</RecoveryType>
            <RestartDelay>0</RestartDelay>
            <PerformRecoveryJobsFlag>True</PerformRecoveryJobsFlag>
            <BypassCurrentJobFlag>True</BypassCurrentJobFlag>
            <AutoRestartFlag>False</AutoRestartFlag>
            <Uncat>True</Uncat>
            <UncatExclusion><![CDATA[]]></UncatExclusion>
            <Documentation><![CDATA[]]></Documentation>
            <RestartJobPosition>RestartJobIsEqual</RestartJobPosition>
            <ExecutionNoFrom>1</ExecutionNoFrom>
            <ExecutionNoTo>9</ExecutionNoTo>
            <RecoveryRuleBypassJobs>
              <RecoveryRuleBypassJob>
                <IsExternalBypass>False</IsExternalBypass>
                <RunNumber IsNull="True" />
                <PlanDateDayType IsNull="True" />
                <PlanDateOffsetDays IsNull="True" />
                <JobName>00250-TEST-STREAM-RECOVERY</JobName>
                <StreamName>TEST-STREAM-RECOVERY</StreamName>
              </RecoveryRuleBypassJob>
            </RecoveryRuleBypassJobs>
            <RecoveryRuleRecoveryJobs>
              <RuleRecoveryJob>
                <RestartDelay>0</RestartDelay>
                <Job>R0010-TEST-STREAM-RECOVERY</Job>
              </RuleRecoveryJob>
            </RecoveryRuleRecoveryJobs>
            <RuleId>2</RuleId>
            <DeleteIncidentAfterBypass>True</DeleteIncidentAfterBypass>
          </RecoveryRule>
          <RecoveryRule>
            <JobReturnCodeExpr />
            <JobName>00200-TEST-STREAM-RECOVERY</JobName>
            <RecoveryType>Manual</RecoveryType>
            <RestartDelay>0</RestartDelay>
            <PerformRecoveryJobsFlag>False</PerformRecoveryJobsFlag>
            <BypassCurrentJobFlag>False</BypassCurrentJobFlag>
            <AutoRestartFlag>True</AutoRestartFlag>
            <Uncat>False</Uncat>
            <UncatExclusion><![CDATA[]]></UncatExclusion>
            <Documentation><![CDATA[]]></Documentation>
            <RestartJobPosition>RestartJobIsPredecessor</RestartJobPosition>
            <ExecutionNoFrom>0</ExecutionNoFrom>
            <ExecutionNoTo IsNull="True" />
            <RecoveryRuleBypassJobs />
            <RecoveryRuleRecoveryJobs />
            <RuleId>0</RuleId>
            <DeleteIncidentAfterBypass>False</DeleteIncidentAfterBypass>
          </RecoveryRule>
        </RecoveryRules>
        <ParserJobDefinitions />
        <JobExtensions />
        <ControlFilePathLoginObject />
        <ExternalProcedureDependencies />
      </Job>
      <Job>
        <JobName>00250-TEST-STREAM-RECOVERY</JobName>
        <JobDocumentation IsNull="True" />
        <JobNotificationRules />
        <LoginObject />
        <ShortDescription><![CDATA[Ausfall durch Recovery des Vorgängers]]></ShortDescription>
        <StatusFlag>True</StatusFlag>
        <JobCategory>Job</JobCategory>
        <NormalJobFlag>True</NormalJobFlag>
        <JobType>Windows</JobType>
        <MinJobDuration IsNull="True" />
        <CentralJobLogStorageDays IsNull="True" />
        <ReportToIncidentManagementFlag IsNull="True" />
        <ExternalJobScriptRequired IsNull="True" />
        <MainScript><![CDATA[echo 123]]></MainScript>
        <DisplayOrder>5</DisplayOrder>
        <JobShortName IsNull="True" />
        <TemplateType>Normal</TemplateType>
        <ControlFilePath IsNull="True" />
        <IsNotificationRequired>False</IsNotificationRequired>
        <CoordinateX>0</CoordinateX>
        <CoordinateY>624</CoordinateY>
        <JobInternalSuccessors>
          <JobInternalSuccessor>
            <JobName>00900-TEST-STREAM-RECOVERY</JobName>
            <EdgeBreaks IsNull="True" />
            <EdgeEndPosition>2</EdgeEndPosition>
            <EdgeStartPosition>6</EdgeStartPosition>
          </JobInternalSuccessor>
        </JobInternalSuccessors>
        <StreamRunJobProperties>
          <StreamRunJobProperty>
            <RunNumber>0</RunNumber>
            <StartTime IsNull="True" />
            <StartTimeDayType />
            <StartTimeOffsetDays IsNull="True" />
            <StartTimeTimeZone />
            <StartTimeType IsNull="True" />
            <RelativeStartTime IsNull="True" />
            <StartTimeRelativeJob />
            <MaxJobLogSize IsNull="True" />
            <MaxJobDuration IsNull="True" />
            <LatestStartTime IsNull="True" />
            <LatestStartTimeType IsNull="True" />
            <LatestStartTimeRelative IsNull="True" />
            <LatestStartTimeOffsetDays IsNull="True" />
            <LatestStartTimeDayType IsNull="True" />
            <LatestStartTimeConsiderAfterRestart IsNull="True" />
            <LatestStartTimeAction IsNull="True" />
            <JobHoldFlag IsNull="True" />
            <CentralJobLogFlag IsNull="True" />
            <BypassStatus IsNull="True" />
            <AgentDetail>gtasswvv15778</AgentDetail>
            <AgentSource IsNull="True" />
            <AccountDetail />
            <AccountSource IsNull="True" />
            <SeverityGroup />
            <AgentJobLogStorageDays IsNull="True" />
            <ExternalDependencies />
            <FileDependency />
            <JobCompletionCodeRules />
            <LogicalResourceDependencies />
            <Documentation IsNull="True" />
          </StreamRunJobProperty>
          <StreamRunJobProperty>
            <RunNumber>1</RunNumber>
            <StartTime IsNull="True" />
            <StartTimeDayType />
            <StartTimeOffsetDays IsNull="True" />
            <StartTimeTimeZone />
            <StartTimeType IsNull="True" />
            <RelativeStartTime IsNull="True" />
            <StartTimeRelativeJob />
            <MaxJobLogSize IsNull="True" />
            <MaxJobDuration IsNull="True" />
            <LatestStartTime IsNull="True" />
            <LatestStartTimeType IsNull="True" />
            <LatestStartTimeRelative IsNull="True" />
            <LatestStartTimeOffsetDays IsNull="True" />
            <LatestStartTimeDayType IsNull="True" />
            <LatestStartTimeConsiderAfterRestart IsNull="True" />
            <LatestStartTimeAction IsNull="True" />
            <JobHoldFlag IsNull="True" />
            <CentralJobLogFlag IsNull="True" />
            <BypassStatus IsNull="True" />
            <AgentDetail />
            <AgentSource IsNull="True" />
            <AccountDetail />
            <AccountSource IsNull="True" />
            <SeverityGroup />
            <AgentJobLogStorageDays IsNull="True" />
            <ExternalDependencies />
            <FileDependency />
            <JobCompletionCodeRules />
            <LogicalResourceDependencies />
            <Documentation IsNull="True" />
          </StreamRunJobProperty>
        </StreamRunJobProperties>
        <JobContactPersons />
        <JobPreparationScript />
        <RecoveryRules />
        <ParserJobDefinitions />
        <JobExtensions />
        <ControlFilePathLoginObject />
        <ExternalProcedureDependencies />
      </Job>
      <Job>
        <JobName>R0010-TEST-STREAM-RECOVERY</JobName>
        <JobDocumentation IsNull="True" />
        <JobNotificationRules />
        <LoginObject />
        <ShortDescription><![CDATA[Test Recoveryjob]]></ShortDescription>
        <StatusFlag>True</StatusFlag>
        <JobCategory>Job</JobCategory>
        <NormalJobFlag>False</NormalJobFlag>
        <JobType>Windows</JobType>
        <MinJobDuration IsNull="True" />
        <CentralJobLogStorageDays IsNull="True" />
        <ReportToIncidentManagementFlag IsNull="True" />
        <ExternalJobScriptRequired IsNull="True" />
        <MainScript><![CDATA[echo Test]]></MainScript>
        <DisplayOrder>2</DisplayOrder>
        <JobShortName IsNull="True" />
        <TemplateType>Normal</TemplateType>
        <ControlFilePath IsNull="True" />
        <IsNotificationRequired>False</IsNotificationRequired>
        <CoordinateX>0</CoordinateX>
        <CoordinateY>174</CoordinateY>
        <JobInternalSuccessors>
          <JobInternalSuccessor>
            <JobName>RecoveryJobNetEndPoint</JobName>
            <EdgeBreaks IsNull="True" />
            <EdgeEndPosition>2</EdgeEndPosition>
            <EdgeStartPosition>6</EdgeStartPosition>
          </JobInternalSuccessor>
        </JobInternalSuccessors>
        <StreamRunJobProperties>
          <StreamRunJobProperty>
            <RunNumber>0</RunNumber>
            <StartTime IsNull="True" />
            <StartTimeDayType />
            <StartTimeOffsetDays IsNull="True" />
            <StartTimeTimeZone />
            <StartTimeType IsNull="True" />
            <RelativeStartTime IsNull="True" />
            <StartTimeRelativeJob />
            <MaxJobLogSize IsNull="True" />
            <MaxJobDuration IsNull="True" />
            <LatestStartTime IsNull="True" />
            <LatestStartTimeType IsNull="True" />
            <LatestStartTimeRelative IsNull="True" />
            <LatestStartTimeOffsetDays IsNull="True" />
            <LatestStartTimeDayType IsNull="True" />
            <LatestStartTimeConsiderAfterRestart IsNull="True" />
            <LatestStartTimeAction IsNull="True" />
            <JobHoldFlag IsNull="True" />
            <CentralJobLogFlag IsNull="True" />
            <BypassStatus IsNull="True" />
            <AgentDetail />
            <AgentSource IsNull="True" />
            <AccountDetail />
            <AccountSource IsNull="True" />
            <SeverityGroup />
            <AgentJobLogStorageDays IsNull="True" />
            <ExternalDependencies />
            <FileDependency />
            <JobCompletionCodeRules />
            <LogicalResourceDependencies />
            <Documentation IsNull="True" />
          </StreamRunJobProperty>
          <StreamRunJobProperty>
            <RunNumber>1</RunNumber>
            <StartTime IsNull="True" />
            <StartTimeDayType />
            <StartTimeOffsetDays IsNull="True" />
            <StartTimeTimeZone />
            <StartTimeType IsNull="True" />
            <RelativeStartTime IsNull="True" />
            <StartTimeRelativeJob />
            <MaxJobLogSize IsNull="True" />
            <MaxJobDuration IsNull="True" />
            <LatestStartTime IsNull="True" />
            <LatestStartTimeType IsNull="True" />
            <LatestStartTimeRelative IsNull="True" />
            <LatestStartTimeOffsetDays IsNull="True" />
            <LatestStartTimeDayType IsNull="True" />
            <LatestStartTimeConsiderAfterRestart IsNull="True" />
            <LatestStartTimeAction IsNull="True" />
            <JobHoldFlag IsNull="True" />
            <CentralJobLogFlag IsNull="True" />
            <BypassStatus IsNull="True" />
            <AgentDetail />
            <AgentSource IsNull="True" />
            <AccountDetail />
            <AccountSource IsNull="True" />
            <SeverityGroup />
            <AgentJobLogStorageDays IsNull="True" />
            <ExternalDependencies />
            <FileDependency />
            <JobCompletionCodeRules />
            <LogicalResourceDependencies />
            <Documentation IsNull="True" />
          </StreamRunJobProperty>
        </StreamRunJobProperties>
        <JobContactPersons />
        <JobPreparationScript />
        <RecoveryRules />
        <ParserJobDefinitions />
        <JobExtensions />
        <ControlFilePathLoginObject />
        <ExternalProcedureDependencies />
      </Job>
      <Job>
        <JobName>RecoveryJobNetEndPoint</JobName>
        <JobDocumentation IsNull="True" />
        <JobNotificationRules />
        <LoginObject />
        <ShortDescription><![CDATA[Recovery Jobnet End Point]]></ShortDescription>
        <StatusFlag>True</StatusFlag>
        <JobCategory>RecoveryJobNetEndPoint</JobCategory>
        <NormalJobFlag>False</NormalJobFlag>
        <JobType>None</JobType>
        <MinJobDuration IsNull="True" />
        <CentralJobLogStorageDays IsNull="True" />
        <ReportToIncidentManagementFlag IsNull="True" />
        <ExternalJobScriptRequired IsNull="True" />
        <MainScript IsNull="True" />
        <DisplayOrder>3</DisplayOrder>
        <JobShortName IsNull="True" />
        <TemplateType>Normal</TemplateType>
        <ControlFilePath IsNull="True" />
        <IsNotificationRequired>False</IsNotificationRequired>
        <CoordinateX>113</CoordinateX>
        <CoordinateY>382</CoordinateY>
        <JobInternalSuccessors />
        <StreamRunJobProperties>
          <StreamRunJobProperty>
            <RunNumber>0</RunNumber>
            <StartTime IsNull="True" />
            <StartTimeDayType />
            <StartTimeOffsetDays IsNull="True" />
            <StartTimeTimeZone />
            <StartTimeType IsNull="True" />
            <RelativeStartTime IsNull="True" />
            <StartTimeRelativeJob />
            <MaxJobLogSize IsNull="True" />
            <MaxJobDuration IsNull="True" />
            <LatestStartTime IsNull="True" />
            <LatestStartTimeType IsNull="True" />
            <LatestStartTimeRelative IsNull="True" />
            <LatestStartTimeOffsetDays IsNull="True" />
            <LatestStartTimeDayType IsNull="True" />
            <LatestStartTimeConsiderAfterRestart IsNull="True" />
            <LatestStartTimeAction IsNull="True" />
            <JobHoldFlag IsNull="True" />
            <CentralJobLogFlag IsNull="True" />
            <BypassStatus IsNull="True" />
            <AgentDetail />
            <AgentSource IsNull="True" />
            <AccountDetail />
            <AccountSource IsNull="True" />
            <SeverityGroup />
            <AgentJobLogStorageDays IsNull="True" />
            <ExternalDependencies />
            <FileDependency />
            <JobCompletionCodeRules />
            <LogicalResourceDependencies />
            <Documentation IsNull="True" />
          </StreamRunJobProperty>
          <StreamRunJobProperty>
            <RunNumber>1</RunNumber>
            <StartTime IsNull="True" />
            <StartTimeDayType />
            <StartTimeOffsetDays IsNull="True" />
            <StartTimeTimeZone />
            <StartTimeType IsNull="True" />
            <RelativeStartTime IsNull="True" />
            <StartTimeRelativeJob />
            <MaxJobLogSize IsNull="True" />
            <MaxJobDuration IsNull="True" />
            <LatestStartTime IsNull="True" />
            <LatestStartTimeType IsNull="True" />
            <LatestStartTimeRelative IsNull="True" />
            <LatestStartTimeOffsetDays IsNull="True" />
            <LatestStartTimeDayType IsNull="True" />
            <LatestStartTimeConsiderAfterRestart IsNull="True" />
            <LatestStartTimeAction IsNull="True" />
            <JobHoldFlag IsNull="True" />
            <CentralJobLogFlag IsNull="True" />
            <BypassStatus IsNull="True" />
            <AgentDetail />
            <AgentSource IsNull="True" />
            <AccountDetail />
            <AccountSource IsNull="True" />
            <SeverityGroup />
            <AgentJobLogStorageDays IsNull="True" />
            <ExternalDependencies />
            <FileDependency />
            <JobCompletionCodeRules />
            <LogicalResourceDependencies />
            <Documentation IsNull="True" />
          </StreamRunJobProperty>
        </StreamRunJobProperties>
        <JobContactPersons />
        <JobPreparationScript />
        <RecoveryRules />
        <ParserJobDefinitions />
        <JobExtensions />
        <ControlFilePathLoginObject />
        <ExternalProcedureDependencies />
      </Job>
      <Job>
        <JobName>EndPoint</JobName>
        <JobDocumentation IsNull="True" />
        <JobNotificationRules />
        <LoginObject />
        <ShortDescription><![CDATA[End Point for the Stream]]></ShortDescription>
        <StatusFlag>True</StatusFlag>
        <JobCategory>Endpoint</JobCategory>
        <NormalJobFlag>True</NormalJobFlag>
        <JobType>None</JobType>
        <MinJobDuration IsNull="True" />
        <CentralJobLogStorageDays IsNull="True" />
        <ReportToIncidentManagementFlag IsNull="True" />
        <ExternalJobScriptRequired IsNull="True" />
        <MainScript IsNull="True" />
        <DisplayOrder>9</DisplayOrder>
        <JobShortName IsNull="True" />
        <TemplateType>Normal</TemplateType>
        <ControlFilePath IsNull="True" />
        <IsNotificationRequired>False</IsNotificationRequired>
        <CoordinateX>208</CoordinateX>
        <CoordinateY>1456</CoordinateY>
        <JobInternalSuccessors />
        <StreamRunJobProperties>
          <StreamRunJobProperty>
            <RunNumber>0</RunNumber>
            <StartTime IsNull="True" />
            <StartTimeDayType />
            <StartTimeOffsetDays IsNull="True" />
            <StartTimeTimeZone />
            <StartTimeType IsNull="True" />
            <RelativeStartTime IsNull="True" />
            <StartTimeRelativeJob />
            <MaxJobLogSize IsNull="True" />
            <MaxJobDuration IsNull="True" />
            <LatestStartTime IsNull="True" />
            <LatestStartTimeType IsNull="True" />
            <LatestStartTimeRelative IsNull="True" />
            <LatestStartTimeOffsetDays IsNull="True" />
            <LatestStartTimeDayType IsNull="True" />
            <LatestStartTimeConsiderAfterRestart IsNull="True" />
            <LatestStartTimeAction IsNull="True" />
            <JobHoldFlag IsNull="True" />
            <CentralJobLogFlag IsNull="True" />
            <BypassStatus IsNull="True" />
            <AgentDetail />
            <AgentSource IsNull="True" />
            <AccountDetail />
            <AccountSource IsNull="True" />
            <SeverityGroup />
            <AgentJobLogStorageDays IsNull="True" />
            <ExternalDependencies />
            <FileDependency />
            <JobCompletionCodeRules />
            <LogicalResourceDependencies />
            <Documentation IsNull="True" />
          </StreamRunJobProperty>
          <StreamRunJobProperty>
            <RunNumber>1</RunNumber>
            <StartTime IsNull="True" />
            <StartTimeDayType />
            <StartTimeOffsetDays IsNull="True" />
            <StartTimeTimeZone />
            <StartTimeType IsNull="True" />
            <RelativeStartTime IsNull="True" />
            <StartTimeRelativeJob />
            <MaxJobLogSize IsNull="True" />
            <MaxJobDuration IsNull="True" />
            <LatestStartTime IsNull="True" />
            <LatestStartTimeType IsNull="True" />
            <LatestStartTimeRelative IsNull="True" />
            <LatestStartTimeOffsetDays IsNull="True" />
            <LatestStartTimeDayType IsNull="True" />
            <LatestStartTimeConsiderAfterRestart IsNull="True" />
            <LatestStartTimeAction IsNull="True" />
            <JobHoldFlag IsNull="True" />
            <CentralJobLogFlag IsNull="True" />
            <BypassStatus IsNull="True" />
            <AgentDetail />
            <AgentSource IsNull="True" />
            <AccountDetail />
            <AccountSource IsNull="True" />
            <SeverityGroup />
            <AgentJobLogStorageDays IsNull="True" />
            <ExternalDependencies />
            <FileDependency />
            <JobCompletionCodeRules />
            <LogicalResourceDependencies />
            <Documentation IsNull="True" />
          </StreamRunJobProperty>
        </StreamRunJobProperties>
        <JobContactPersons />
        <JobPreparationScript />
        <RecoveryRules />
        <ParserJobDefinitions />
        <JobExtensions />
        <ControlFilePathLoginObject />
        <ExternalProcedureDependencies />
      </Job>
      <Job>
        <JobName>00300-TEST-STREAM-RECOVERY</JobName>
        <JobDocumentation IsNull="True" />
        <JobNotificationRules />
        <LoginObject />
        <ShortDescription><![CDATA[Job läuft nur mit wenn RC<>5 im Vorgänger]]></ShortDescription>
        <StatusFlag>True</StatusFlag>
        <JobCategory>Job</JobCategory>
        <NormalJobFlag>True</NormalJobFlag>
        <JobType>Windows</JobType>
        <MinJobDuration IsNull="True" />
        <CentralJobLogStorageDays IsNull="True" />
        <ReportToIncidentManagementFlag IsNull="True" />
        <ExternalJobScriptRequired IsNull="True" />
        <MainScript><![CDATA[echo hallo]]></MainScript>
        <DisplayOrder>3</DisplayOrder>
        <JobShortName IsNull="True" />
        <TemplateType>Normal</TemplateType>
        <ControlFilePath IsNull="True" />
        <IsNotificationRequired>False</IsNotificationRequired>
        <CoordinateX>270</CoordinateX>
        <CoordinateY>416</CoordinateY>
        <JobInternalSuccessors>
          <JobInternalSuccessor>
            <JobName>00900-TEST-STREAM-RECOVERY</JobName>
            <EdgeBreaks IsNull="True" />
            <EdgeEndPosition>2</EdgeEndPosition>
            <EdgeStartPosition>6</EdgeStartPosition>
          </JobInternalSuccessor>
        </JobInternalSuccessors>
        <StreamRunJobProperties>
          <StreamRunJobProperty>
            <RunNumber>0</RunNumber>
            <StartTime IsNull="True" />
            <StartTimeDayType />
            <StartTimeOffsetDays IsNull="True" />
            <StartTimeTimeZone />
            <StartTimeType IsNull="True" />
            <RelativeStartTime IsNull="True" />
            <StartTimeRelativeJob />
            <MaxJobLogSize IsNull="True" />
            <MaxJobDuration IsNull="True" />
            <LatestStartTime IsNull="True" />
            <LatestStartTimeType IsNull="True" />
            <LatestStartTimeRelative IsNull="True" />
            <LatestStartTimeOffsetDays IsNull="True" />
            <LatestStartTimeDayType IsNull="True" />
            <LatestStartTimeConsiderAfterRestart IsNull="True" />
            <LatestStartTimeAction IsNull="True" />
            <JobHoldFlag IsNull="True" />
            <CentralJobLogFlag IsNull="True" />
            <BypassStatus IsNull="True" />
            <AgentDetail />
            <AgentSource IsNull="True" />
            <AccountDetail />
            <AccountSource IsNull="True" />
            <SeverityGroup />
            <AgentJobLogStorageDays IsNull="True" />
            <ExternalDependencies />
            <FileDependency />
            <JobCompletionCodeRules>
              <JobCompletionCodeRule>
                <CodeCompletionRulesType>DependencyDefinition</CodeCompletionRulesType>
                <RunNumber>0</RunNumber>
                <CodeRuleExpression>00100-TEST-STREAM-RECOVERY.RC&lt;&gt;5</CodeRuleExpression>
              </JobCompletionCodeRule>
            </JobCompletionCodeRules>
            <LogicalResourceDependencies>
              <LogicalResource>
                <ResourceName>TEST-GALERIA</ResourceName>
                <AllocationType>Shared</AllocationType>
                <AutoReleaseFlag IsNull="True" />
                <Priority>10</Priority>
                <RequiredAllocationCounter>1</RequiredAllocationCounter>
                <StartPointAllocationFlag>False</StartPointAllocationFlag>
              </LogicalResource>
            </LogicalResourceDependencies>
            <Documentation IsNull="True" />
          </StreamRunJobProperty>
          <StreamRunJobProperty>
            <RunNumber>1</RunNumber>
            <StartTime IsNull="True" />
            <StartTimeDayType />
            <StartTimeOffsetDays IsNull="True" />
            <StartTimeTimeZone />
            <StartTimeType IsNull="True" />
            <RelativeStartTime IsNull="True" />
            <StartTimeRelativeJob />
            <MaxJobLogSize IsNull="True" />
            <MaxJobDuration IsNull="True" />
            <LatestStartTime IsNull="True" />
            <LatestStartTimeType IsNull="True" />
            <LatestStartTimeRelative IsNull="True" />
            <LatestStartTimeOffsetDays IsNull="True" />
            <LatestStartTimeDayType IsNull="True" />
            <LatestStartTimeConsiderAfterRestart IsNull="True" />
            <LatestStartTimeAction IsNull="True" />
            <JobHoldFlag IsNull="True" />
            <CentralJobLogFlag IsNull="True" />
            <BypassStatus IsNull="True" />
            <AgentDetail />
            <AgentSource IsNull="True" />
            <AccountDetail />
            <AccountSource IsNull="True" />
            <SeverityGroup />
            <AgentJobLogStorageDays IsNull="True" />
            <ExternalDependencies />
            <FileDependency />
            <JobCompletionCodeRules />
            <LogicalResourceDependencies />
            <Documentation IsNull="True" />
          </StreamRunJobProperty>
        </StreamRunJobProperties>
        <JobContactPersons />
        <JobPreparationScript />
        <RecoveryRules />
        <ParserJobDefinitions />
        <JobExtensions />
        <ControlFilePathLoginObject />
        <ExternalProcedureDependencies />
      </Job>
      <Job>
        <JobName>00900-TEST-STREAM-RECOVERY</JobName>
        <JobDocumentation IsNull="True" />
        <JobNotificationRules />
        <LoginObject />
        <ShortDescription><![CDATA[Variablen abfragen]]></ShortDescription>
        <StatusFlag>True</StatusFlag>
        <JobCategory>Job</JobCategory>
        <NormalJobFlag>True</NormalJobFlag>
        <JobType>None</JobType>
        <MinJobDuration IsNull="True" />
        <CentralJobLogStorageDays IsNull="True" />
        <ReportToIncidentManagementFlag IsNull="True" />
        <ExternalJobScriptRequired IsNull="True" />
        <MainScript IsNull="True" />
        <DisplayOrder>6</DisplayOrder>
        <JobShortName IsNull="True" />
        <TemplateType>WebService</TemplateType>
        <ControlFilePath IsNull="True" />
        <IsNotificationRequired>False</IsNotificationRequired>
        <CoordinateX>208</CoordinateX>
        <CoordinateY>832</CoordinateY>
        <JobInternalSuccessors>
          <JobInternalSuccessor>
            <JobName>00930-TEST-STREAM-RECOVERY</JobName>
            <EdgeBreaks IsNull="True" />
            <EdgeEndPosition>2</EdgeEndPosition>
            <EdgeStartPosition>6</EdgeStartPosition>
          </JobInternalSuccessor>
        </JobInternalSuccessors>
        <StreamRunJobProperties>
          <StreamRunJobProperty>
            <RunNumber>0</RunNumber>
            <StartTime IsNull="True" />
            <StartTimeDayType />
            <StartTimeOffsetDays IsNull="True" />
            <StartTimeTimeZone />
            <StartTimeType>None</StartTimeType>
            <RelativeStartTime IsNull="True" />
            <StartTimeRelativeJob />
            <MaxJobLogSize IsNull="True" />
            <MaxJobDuration IsNull="True" />
            <LatestStartTime IsNull="True" />
            <LatestStartTimeType>None</LatestStartTimeType>
            <LatestStartTimeRelative IsNull="True" />
            <LatestStartTimeOffsetDays IsNull="True" />
            <LatestStartTimeDayType IsNull="True" />
            <LatestStartTimeConsiderAfterRestart IsNull="True" />
            <LatestStartTimeAction IsNull="True" />
            <JobHoldFlag>False</JobHoldFlag>
            <CentralJobLogFlag IsNull="True" />
            <BypassStatus IsNull="True" />
            <AgentDetail />
            <AgentSource IsNull="True" />
            <AccountDetail />
            <AccountSource IsNull="True" />
            <SeverityGroup />
            <AgentJobLogStorageDays IsNull="True" />
            <ExternalDependencies />
            <FileDependency />
            <JobCompletionCodeRules />
            <LogicalResourceDependencies />
            <Documentation IsNull="True" />
          </StreamRunJobProperty>
          <StreamRunJobProperty>
            <RunNumber>1</RunNumber>
            <StartTime IsNull="True" />
            <StartTimeDayType />
            <StartTimeOffsetDays IsNull="True" />
            <StartTimeTimeZone />
            <StartTimeType IsNull="True" />
            <RelativeStartTime IsNull="True" />
            <StartTimeRelativeJob />
            <MaxJobLogSize IsNull="True" />
            <MaxJobDuration IsNull="True" />
            <LatestStartTime IsNull="True" />
            <LatestStartTimeType IsNull="True" />
            <LatestStartTimeRelative IsNull="True" />
            <LatestStartTimeOffsetDays IsNull="True" />
            <LatestStartTimeDayType IsNull="True" />
            <LatestStartTimeConsiderAfterRestart IsNull="True" />
            <LatestStartTimeAction IsNull="True" />
            <JobHoldFlag IsNull="True" />
            <CentralJobLogFlag IsNull="True" />
            <BypassStatus IsNull="True" />
            <AgentDetail />
            <AgentSource IsNull="True" />
            <AccountDetail />
            <AccountSource IsNull="True" />
            <SeverityGroup />
            <AgentJobLogStorageDays IsNull="True" />
            <ExternalDependencies />
            <FileDependency />
            <JobCompletionCodeRules />
            <LogicalResourceDependencies />
            <Documentation IsNull="True" />
          </StreamRunJobProperty>
        </StreamRunJobProperties>
        <JobContactPersons />
        <JobPreparationScript />
        <RecoveryRules />
        <ParserJobDefinitions />
        <JobExtensions>
          <JobExtension Key="WebRequestMethod">Get</JobExtension>
          <JobExtension Key="WebRequestUrl"><![CDATA[?{&amp;&amp;SMA_INTE_URL}/api/streamrunvariables/0650/?{$PD_YYYYMMDD}/?{$ST_STREAM}/?{$ST_RUN}]]></JobExtension>
          <JobExtension Key="WebRequestUrlWithParameters"><![CDATA[{&quot;Parameters&quot;:[]}]]></JobExtension>
          <JobExtension Key="WebRequestHeader"><![CDATA[]]></JobExtension>
          <JobExtension Key="WebRequestHeaders"><![CDATA[[{&quot;Key&quot;:&quot;X-SSM-Api-Key&quot;,&quot;Value&quot;:&quot;128f6e23-9355-43b3-b5b2-6db040aacb72&quot;},{&quot;Key&quot;:&quot;Accept&quot;,&quot;Value&quot;:&quot;application/json;X-SSM-Api-Version=1.0.0;X-SSM-Api-Format=normal&quot;}]]]></JobExtension>
          <JobExtension Key="WebRequestBody"><![CDATA[]]></JobExtension>
          <JobExtension Key="WebRequestReturnStatus"><![CDATA[200;201]]></JobExtension>
          <JobExtension Key="WebRequestTimeout">0</JobExtension>
          <JobExtension Key="WebRequestPublicKey"><![CDATA[]]></JobExtension>
          <JobExtension Key="WebRequestInterceptionScriptId"><![CDATA[]]></JobExtension>
          <JobExtension Key="WebRequestSegmentId"><![CDATA[Default Segment]]></JobExtension>
          <JobExtension Key="WebRequestRetryNumber">0</JobExtension>
          <JobExtension Key="WebRequestRetryDelay">0</JobExtension>
          <JobExtension Key="WebRequestResultFileOutput">False</JobExtension>
        </JobExtensions>
        <ControlFilePathLoginObject />
        <ExternalProcedureDependencies />
      </Job>
      <Job>
        <JobName>00930-TEST-STREAM-RECOVERY</JobName>
        <JobDocumentation IsNull="True" />
        <JobNotificationRules />
        <LoginObject />
        <ShortDescription><![CDATA[Variable updaten]]></ShortDescription>
        <StatusFlag>True</StatusFlag>
        <JobCategory>Job</JobCategory>
        <NormalJobFlag>True</NormalJobFlag>
        <JobType>None</JobType>
        <MinJobDuration IsNull="True" />
        <CentralJobLogStorageDays IsNull="True" />
        <ReportToIncidentManagementFlag IsNull="True" />
        <ExternalJobScriptRequired IsNull="True" />
        <MainScript IsNull="True" />
        <DisplayOrder>7</DisplayOrder>
        <JobShortName IsNull="True" />
        <TemplateType>WebService</TemplateType>
        <ControlFilePath IsNull="True" />
        <IsNotificationRequired>False</IsNotificationRequired>
        <CoordinateX>208</CoordinateX>
        <CoordinateY>1040</CoordinateY>
        <JobInternalSuccessors>
          <JobInternalSuccessor>
            <JobName>00960-TEST-STREAM-RECOVERY</JobName>
            <EdgeBreaks IsNull="True" />
            <EdgeEndPosition>2</EdgeEndPosition>
            <EdgeStartPosition>6</EdgeStartPosition>
          </JobInternalSuccessor>
        </JobInternalSuccessors>
        <StreamRunJobProperties>
          <StreamRunJobProperty>
            <RunNumber>0</RunNumber>
            <StartTime IsNull="True" />
            <StartTimeDayType />
            <StartTimeOffsetDays IsNull="True" />
            <StartTimeTimeZone />
            <StartTimeType IsNull="True" />
            <RelativeStartTime IsNull="True" />
            <StartTimeRelativeJob />
            <MaxJobLogSize IsNull="True" />
            <MaxJobDuration IsNull="True" />
            <LatestStartTime IsNull="True" />
            <LatestStartTimeType IsNull="True" />
            <LatestStartTimeRelative IsNull="True" />
            <LatestStartTimeOffsetDays IsNull="True" />
            <LatestStartTimeDayType IsNull="True" />
            <LatestStartTimeConsiderAfterRestart IsNull="True" />
            <LatestStartTimeAction IsNull="True" />
            <JobHoldFlag IsNull="True" />
            <CentralJobLogFlag IsNull="True" />
            <BypassStatus IsNull="True" />
            <AgentDetail />
            <AgentSource IsNull="True" />
            <AccountDetail />
            <AccountSource IsNull="True" />
            <SeverityGroup />
            <AgentJobLogStorageDays IsNull="True" />
            <ExternalDependencies />
            <FileDependency />
            <JobCompletionCodeRules />
            <LogicalResourceDependencies />
            <Documentation IsNull="True" />
          </StreamRunJobProperty>
          <StreamRunJobProperty>
            <RunNumber>1</RunNumber>
            <StartTime IsNull="True" />
            <StartTimeDayType />
            <StartTimeOffsetDays IsNull="True" />
            <StartTimeTimeZone />
            <StartTimeType IsNull="True" />
            <RelativeStartTime IsNull="True" />
            <StartTimeRelativeJob />
            <MaxJobLogSize IsNull="True" />
            <MaxJobDuration IsNull="True" />
            <LatestStartTime IsNull="True" />
            <LatestStartTimeType IsNull="True" />
            <LatestStartTimeRelative IsNull="True" />
            <LatestStartTimeOffsetDays IsNull="True" />
            <LatestStartTimeDayType IsNull="True" />
            <LatestStartTimeConsiderAfterRestart IsNull="True" />
            <LatestStartTimeAction IsNull="True" />
            <JobHoldFlag IsNull="True" />
            <CentralJobLogFlag IsNull="True" />
            <BypassStatus IsNull="True" />
            <AgentDetail />
            <AgentSource IsNull="True" />
            <AccountDetail />
            <AccountSource IsNull="True" />
            <SeverityGroup />
            <AgentJobLogStorageDays IsNull="True" />
            <ExternalDependencies />
            <FileDependency />
            <JobCompletionCodeRules />
            <LogicalResourceDependencies />
            <Documentation IsNull="True" />
          </StreamRunJobProperty>
        </StreamRunJobProperties>
        <JobContactPersons />
        <JobPreparationScript />
        <RecoveryRules />
        <ParserJobDefinitions />
        <JobExtensions>
          <JobExtension Key="WebRequestMethod">Post</JobExtension>
          <JobExtension Key="WebRequestUrl"><![CDATA[?{&amp;&amp;SMA_INTE_URL}/api/streamrunvariables/0650/?{$PD_YYYYMMDD}/?{$ST_STREAM}/?{$ST_RUN}/TEST]]></JobExtension>
          <JobExtension Key="WebRequestUrlWithParameters"><![CDATA[{&quot;Parameters&quot;:[]}]]></JobExtension>
          <JobExtension Key="WebRequestHeader"><![CDATA[]]></JobExtension>
          <JobExtension Key="WebRequestHeaders"><![CDATA[[{&quot;Key&quot;:&quot;Content-Type&quot;,&quot;Value&quot;:&quot;application/json&quot;},{&quot;Key&quot;:&quot;X-SSM-Api-Key&quot;,&quot;Value&quot;:&quot;128f6e23-9355-43b3-b5b2-6db040aacb72&quot;}]]]></JobExtension>
          <JobExtension Key="WebRequestBody"><![CDATA[&quot;Lorem ipsum dolor sit amet, consetetur sadipscing elitr, sed diam nonumy eirmod tempor invidunt ut labore et dolore magna aliquyam erat, sed diam voluptua.&quot;]]></JobExtension>
          <JobExtension Key="WebRequestReturnStatus"><![CDATA[200;201]]></JobExtension>
          <JobExtension Key="WebRequestTimeout">0</JobExtension>
          <JobExtension Key="WebRequestPublicKey"><![CDATA[]]></JobExtension>
          <JobExtension Key="WebRequestInterceptionScriptId"><![CDATA[]]></JobExtension>
          <JobExtension Key="WebRequestSegmentId"><![CDATA[Default Segment]]></JobExtension>
          <JobExtension Key="WebRequestRetryNumber">0</JobExtension>
          <JobExtension Key="WebRequestRetryDelay">0</JobExtension>
          <JobExtension Key="WebRequestResultFileOutput">False</JobExtension>
        </JobExtensions>
        <ControlFilePathLoginObject />
        <ExternalProcedureDependencies />
      </Job>
      <Job>
        <JobName>00960-TEST-STREAM-RECOVERY</JobName>
        <JobDocumentation IsNull="True" />
        <JobNotificationRules />
        <LoginObject />
        <ShortDescription><![CDATA[Variablen abfragen]]></ShortDescription>
        <StatusFlag>True</StatusFlag>
        <JobCategory>Job</JobCategory>
        <NormalJobFlag>True</NormalJobFlag>
        <JobType>None</JobType>
        <MinJobDuration IsNull="True" />
        <CentralJobLogStorageDays IsNull="True" />
        <ReportToIncidentManagementFlag IsNull="True" />
        <ExternalJobScriptRequired IsNull="True" />
        <MainScript IsNull="True" />
        <DisplayOrder>8</DisplayOrder>
        <JobShortName IsNull="True" />
        <TemplateType>WebService</TemplateType>
        <ControlFilePath IsNull="True" />
        <IsNotificationRequired>False</IsNotificationRequired>
        <CoordinateX>208</CoordinateX>
        <CoordinateY>1248</CoordinateY>
        <JobInternalSuccessors>
          <JobInternalSuccessor>
            <JobName>EndPoint</JobName>
            <EdgeBreaks IsNull="True" />
            <EdgeEndPosition>2</EdgeEndPosition>
            <EdgeStartPosition>6</EdgeStartPosition>
          </JobInternalSuccessor>
        </JobInternalSuccessors>
        <StreamRunJobProperties>
          <StreamRunJobProperty>
            <RunNumber>0</RunNumber>
            <StartTime IsNull="True" />
            <StartTimeDayType />
            <StartTimeOffsetDays IsNull="True" />
            <StartTimeTimeZone />
            <StartTimeType>None</StartTimeType>
            <RelativeStartTime IsNull="True" />
            <StartTimeRelativeJob />
            <MaxJobLogSize IsNull="True" />
            <MaxJobDuration IsNull="True" />
            <LatestStartTime IsNull="True" />
            <LatestStartTimeType>None</LatestStartTimeType>
            <LatestStartTimeRelative IsNull="True" />
            <LatestStartTimeOffsetDays IsNull="True" />
            <LatestStartTimeDayType IsNull="True" />
            <LatestStartTimeConsiderAfterRestart IsNull="True" />
            <LatestStartTimeAction IsNull="True" />
            <JobHoldFlag>False</JobHoldFlag>
            <CentralJobLogFlag IsNull="True" />
            <BypassStatus IsNull="True" />
            <AgentDetail />
            <AgentSource IsNull="True" />
            <AccountDetail />
            <AccountSource IsNull="True" />
            <SeverityGroup />
            <AgentJobLogStorageDays IsNull="True" />
            <ExternalDependencies />
            <FileDependency />
            <JobCompletionCodeRules />
            <LogicalResourceDependencies />
            <Documentation IsNull="True" />
          </StreamRunJobProperty>
          <StreamRunJobProperty>
            <RunNumber>1</RunNumber>
            <StartTime IsNull="True" />
            <StartTimeDayType />
            <StartTimeOffsetDays IsNull="True" />
            <StartTimeTimeZone />
            <StartTimeType IsNull="True" />
            <RelativeStartTime IsNull="True" />
            <StartTimeRelativeJob />
            <MaxJobLogSize IsNull="True" />
            <MaxJobDuration IsNull="True" />
            <LatestStartTime IsNull="True" />
            <LatestStartTimeType IsNull="True" />
            <LatestStartTimeRelative IsNull="True" />
            <LatestStartTimeOffsetDays IsNull="True" />
            <LatestStartTimeDayType IsNull="True" />
            <LatestStartTimeConsiderAfterRestart IsNull="True" />
            <LatestStartTimeAction IsNull="True" />
            <JobHoldFlag IsNull="True" />
            <CentralJobLogFlag IsNull="True" />
            <BypassStatus IsNull="True" />
            <AgentDetail />
            <AgentSource IsNull="True" />
            <AccountDetail />
            <AccountSource IsNull="True" />
            <SeverityGroup />
            <AgentJobLogStorageDays IsNull="True" />
            <ExternalDependencies />
            <FileDependency />
            <JobCompletionCodeRules />
            <LogicalResourceDependencies />
            <Documentation IsNull="True" />
          </StreamRunJobProperty>
        </StreamRunJobProperties>
        <JobContactPersons />
        <JobPreparationScript />
        <RecoveryRules />
        <ParserJobDefinitions />
        <JobExtensions>
          <JobExtension Key="WebRequestMethod">Get</JobExtension>
          <JobExtension Key="WebRequestUrl"><![CDATA[?{&amp;&amp;SMA_INTE_URL}/api/streamrunvariables/0650/?{$PD_YYYYMMDD}/?{$ST_STREAM}/?{$ST_RUN}]]></JobExtension>
          <JobExtension Key="WebRequestUrlWithParameters"><![CDATA[{&quot;Parameters&quot;:[]}]]></JobExtension>
          <JobExtension Key="WebRequestHeader"><![CDATA[]]></JobExtension>
          <JobExtension Key="WebRequestHeaders"><![CDATA[[{&quot;Key&quot;:&quot;X-SSM-Api-Key&quot;,&quot;Value&quot;:&quot;128f6e23-9355-43b3-b5b2-6db040aacb72&quot;},{&quot;Key&quot;:&quot;Accept&quot;,&quot;Value&quot;:&quot;application/json;X-SSM-Api-Version=1.0.0;X-SSM-Api-Format=normal&quot;}]]]></JobExtension>
          <JobExtension Key="WebRequestBody"><![CDATA[]]></JobExtension>
          <JobExtension Key="WebRequestReturnStatus"><![CDATA[200;201]]></JobExtension>
          <JobExtension Key="WebRequestTimeout">0</JobExtension>
          <JobExtension Key="WebRequestPublicKey"><![CDATA[]]></JobExtension>
          <JobExtension Key="WebRequestInterceptionScriptId"><![CDATA[]]></JobExtension>
          <JobExtension Key="WebRequestSegmentId"><![CDATA[Default Segment]]></JobExtension>
          <JobExtension Key="WebRequestRetryNumber">0</JobExtension>
          <JobExtension Key="WebRequestRetryDelay">0</JobExtension>
          <JobExtension Key="WebRequestResultFileOutput">False</JobExtension>
        </JobExtensions>
        <ControlFilePathLoginObject />
        <ExternalProcedureDependencies />
      </Job>
    </Jobs>
    <StreamContactPersons>
      <StreamContactPerson>
        <FirstName>Julia</FirstName>
        <LastName>Hellweg</LastName>
        <MiddleName />
        <CompanyName>*</CompanyName>
        <Department />
        <Comment IsNull="True" />
        <ContactType>None</ContactType>
        <HierarchyLevelCd>1</HierarchyLevelCd>
      </StreamContactPerson>
      <StreamContactPerson>
        <FirstName>Max</FirstName>
        <LastName>Musterfrau</LastName>
        <MiddleName />
        <CompanyName>*</CompanyName>
        <Department />
        <Comment IsNull="True" />
        <ContactType>None</ContactType>
        <HierarchyLevelCd>2</HierarchyLevelCd>
      </StreamContactPerson>
    </StreamContactPersons>
    <ScheduleRule>
      <ScheduleRuleXml><![CDATA[&lt;SchedulingRules ShiftRule=&quot;3&quot; ScheduleRuleDialogNotYetVisited=&quot;1&quot;&gt;
  &lt;FixedDates /&gt;
&lt;/SchedulingRules&gt;]]></ScheduleRuleXml>
    </ScheduleRule>
    <StreamPreparationScript>
      <Script><![CDATA[--using WS_MB_GR00

Monat = WS_MB_GR00.HoleMonat(System.GetSystemVariable(&#39;$PD_MM&#39;))
System.SetVariable(&#39;Monat&#39;, Monat)]]></Script>
      <ScriptLanguage>Lua</ScriptLanguage>
    </StreamPreparationScript>
    <MasterStreamId />
    <StreamPath><![CDATA[intern/asys/Basic_training/Showcase]]></StreamPath>
    <StatusFlag>False</StatusFlag>
    <StreamVersionDetail>
      <StreamVersionType>Current</StreamVersionType>
      <StreamVersion>1.0</StreamVersion>
      <DeploymentDateTime>22.04.2024 11:18:02</DeploymentDateTime>
      <DeployAsActive>True</DeployAsActive>
      <PlannedDeploymentDateTime />
      <StorageDateTime />
      <AutoDeploymentStatus>Finished</AutoDeploymentStatus>
      <ScheduleRulesMergeType>FromNew</ScheduleRulesMergeType>
    </StreamVersionDetail>
    <AutomaticPreparedRuns>0</AutomaticPreparedRuns>
    <BusinessServiceFlag />
    <StreamBusinessServiceProperty />
    <AutoPreparationType>Complete</AutoPreparationType>
    <RunVariables>
      <RunVariable>
        <RunNumber>0</RunNumber>
        <VariableName>TEST</VariableName>
        <VariableContent><![CDATA[Diese Variable ist zu Streamstart leer.]]></VariableContent>
        <Description IsNull="True" />
      </RunVariable>
    </RunVariables>
    <ConcurrentStreamRunsEnabled />
    <EnableStreamRunCancelation>False</EnableStreamRunCancelation>
    <Tags />
    <GitEnabled IsNull="True" />
  </Stream>
</ExportableStream>