<?xml version="1.0" encoding="utf-8"?>
<ExportableLogicalResource>
  <LogicalResource>
    <ResourceName>TEST-AKDB</ResourceName>
    <ShortDescription><![CDATA[Testressource]]></ShortDescription>
    <Status>Active</Status>
    <MaxParallelAllocations>3</MaxParallelAllocations>
    <AutoReleaseFlag>True</AutoReleaseFlag>
    <LogicalResourceType>Normal</LogicalResourceType>
    <MasterLogicalResourceId />
    <DefaultMaxParallelAllocations>3</DefaultMaxParallelAllocations>
  </LogicalResource>
</ExportableLogicalResource>